<?xml version="1.0" encoding="UTF-8"?>
<robot generator="Robot 4.1.3 (Python 3.9.10 on win32)" generated="20220411 18:33:34.001" rpa="false" schemaversion="2">
<suite id="s1" name="Udemy Robot" source="C:\udemy_robot">
<suite id="s1-s1" name="Amazon Teste" source="C:\udemy_robot\amazon_teste.robot">
<test id="s1-s1-t1" name="Caso de Teste 01 - Acesso ao menu &quot;Eletrônicos&quot;">
<kw name="Abrir o navegador" library="amazon_resource" type="SETUP">
<kw name="Open Browser" library="SeleniumLibrary">
<arg>browser=edge</arg>
<arg>url=${URL}</arg>
<doc>Opens a new browser instance to the optional ``url``.</doc>
<msg timestamp="20220411 18:33:34.303" level="INFO">Opening browser 'edge' to base url 'http://www.amazon.com.br'.</msg>
<msg timestamp="20220411 18:33:34.334" level="INFO">Cannot capture screenshot because no browser is open.</msg>
<msg timestamp="20220411 18:33:34.339" level="FAIL">WebDriverException: Message: 'msedgedriver' executable needs to be in PATH. Please download from https://developer.microsoft.com/en-us/microsoft-edge/tools/webdriver/
</msg>
<status status="FAIL" starttime="20220411 18:33:34.302" endtime="20220411 18:33:34.340"/>
</kw>
<status status="FAIL" starttime="20220411 18:33:34.301" endtime="20220411 18:33:34.341"/>
</kw>
<doc>Este teste verifica o menu Eletrônicos do site da Amazon
E verificar a categoria Computadores e Informáticas</doc>
<tag>menus</tag>
<status status="FAIL" starttime="20220411 18:33:34.297" endtime="20220411 18:33:34.342">Setup failed:
WebDriverException: Message: 'msedgedriver' executable needs to be in PATH. Please download from https://developer.microsoft.com/en-us/microsoft-edge/tools/webdriver/
</status>
</test>
<test id="s1-s1-t2" name="Caso de Teste 02 - Pesquisa de um Produto">
<doc>Este teste verifica a busca de um produto</doc>
<tag>busca_produto</tag>
<tag>lista_busca</tag>
<status status="FAIL" starttime="20220411 18:33:34.345" endtime="20220411 18:33:34.347">Test case contains no keywords.</status>
</test>
<doc>Esse suite testa o site da Amazon.com.br</doc>
<status status="FAIL" starttime="20220411 18:33:34.051" endtime="20220411 18:33:34.350"/>
</suite>
<status status="FAIL" starttime="20220411 18:33:34.011" endtime="20220411 18:33:34.353"/>
</suite>
<statistics>
<total>
<stat pass="0" fail="2" skip="0">All Tests</stat>
</total>
<tag>
<stat pass="0" fail="1" skip="0">busca_produto</stat>
<stat pass="0" fail="1" skip="0">lista_busca</stat>
<stat pass="0" fail="1" skip="0">menus</stat>
</tag>
<suite>
<stat pass="0" fail="2" skip="0" id="s1" name="Udemy Robot">Udemy Robot</stat>
<stat pass="0" fail="2" skip="0" id="s1-s1" name="Amazon Teste">Udemy Robot.Amazon Teste</stat>
</suite>
</statistics>
<errors>
</errors>
</robot>
