<?xml version="1.0" encoding="UTF-8"?>
<robot generator="Robot 4.1.3 (Python 3.9.10 on win32)" generated="20220418 16:34:57.879" rpa="false" schemaversion="2">
<suite id="s1" name="ExemplosArgumentos" source="c:\UdemyVariaveis\ExemplosArgumentos.robot">
<test id="s1-t1" name="Caso de teste de exemplo 01">
<kw name="Uma keyword qualquer 01">
<kw name="Uma subkeyword com argumentos">
<arg>${PESSOA.nome}</arg>
<arg>${PESSOA.email}</arg>
<kw name="Log" library="BuiltIn">
<arg>Usuario: ${NOME_USUARIO}</arg>
<doc>Logs the given message with the given level.</doc>
<msg timestamp="20220418 16:34:57.916" level="INFO">Usuario: teste</msg>
<status status="PASS" starttime="20220418 16:34:57.916" endtime="20220418 16:34:57.925"/>
</kw>
<kw name="Log" library="BuiltIn">
<arg>Email: ${EMAIL_USUARIO}</arg>
<doc>Logs the given message with the given level.</doc>
<msg timestamp="20220418 16:34:57.926" level="INFO">Email: teste@gmail.com</msg>
<status status="PASS" starttime="20220418 16:34:57.925" endtime="20220418 16:34:57.926"/>
</kw>
<status status="PASS" starttime="20220418 16:34:57.914" endtime="20220418 16:34:57.926"/>
</kw>
<kw name="Uma subkeyword com retorno">
<var>${MENSAGEM_ALERTA}</var>
<arg>${PESSOA.nome}</arg>
<arg>${PESSOA.idade}</arg>
<kw name="Set Variable If" library="BuiltIn">
<var>${MENSAGEM}</var>
<arg>${IDADE_USUARIO}&lt;15</arg>
<arg>Nao Autorizado o usuario ${NOME_USUARIO} é menor</arg>
<doc>Sets variable based on the given condition.</doc>
<msg timestamp="20220418 16:34:57.928" level="INFO">${MENSAGEM} = None</msg>
<status status="PASS" starttime="20220418 16:34:57.927" endtime="20220418 16:34:57.928"/>
</kw>
<msg timestamp="20220418 16:34:57.928" level="INFO">${MENSAGEM_ALERTA} = None</msg>
<status status="PASS" starttime="20220418 16:34:57.926" endtime="20220418 16:34:57.928"/>
</kw>
<kw name="Log" library="BuiltIn">
<arg>${MENSAGEM_ALERTA}</arg>
<doc>Logs the given message with the given level.</doc>
<msg timestamp="20220418 16:34:57.929" level="INFO">None</msg>
<status status="PASS" starttime="20220418 16:34:57.929" endtime="20220418 16:34:57.929"/>
</kw>
<status status="PASS" starttime="20220418 16:34:57.914" endtime="20220418 16:34:57.929"/>
</kw>
<status status="PASS" starttime="20220418 16:34:57.913" endtime="20220418 16:34:57.930"/>
</test>
<doc>Exemplo de uso de variáveis como argumentos em Keywords</doc>
<status status="PASS" starttime="20220418 16:34:57.885" endtime="20220418 16:34:57.932"/>
</suite>
<statistics>
<total>
<stat pass="1" fail="0" skip="0">All Tests</stat>
</total>
<tag>
</tag>
<suite>
<stat pass="1" fail="0" skip="0" id="s1" name="ExemplosArgumentos">ExemplosArgumentos</stat>
</suite>
</statistics>
<errors>
</errors>
</robot>
